ID: 409
Title: [unit test failed] 187 - test_election_base (Failed)
Description:
```
./run_tests.sh
Test project /home/happyhust/repo/oceanbase/build_debug/unittest
        Start   1: test_optimizer
  1/218 Test   #1: test_optimizer ........................................   Passed   30.55 sec
        Start   2: test_json_format
  2/218 Test   #2: test_json_format ......................................   Passed    0.22 sec
        Start   3: test_explain_json_format
  3/218 Test   #3: test_explain_json_format ..............................   Passed    0.25 sec
        Start   4: test_opt_est_sel
  4/218 Test   #4: test_opt_est_sel ......................................   Passed    2.64 sec
        Start   5: test_skyline_prunning
  5/218 Test   #5: test_skyline_prunning .................................   Passed    0.14 sec
        Start   6: test_route_policy
  6/218 Test   #6: test_route_policy .....................................   Passed    0.20 sec
        Start   7: test_location_part_id
  7/218 Test   #7: test_location_part_id .................................   Passed    2.23 sec
        Start   8: test_join_order
  8/218 Test   #8: test_join_order .......................................   Passed    3.05 sec
        Start   9: test_ob_sql_utils
  9/218 Test   #9: test_ob_sql_utils .....................................   Passed    0.22 sec
        Start  10: test_ob_end_trans_callback
 10/218 Test  #10: test_ob_end_trans_callback ............................   Passed    0.22 sec
        Start  11: test_ob_diagnose_info
 11/218 Test  #11: test_ob_diagnose_info .................................   Passed    0.21 sec
        Start  12: test_rowkey
 12/218 Test  #12: test_rowkey ...........................................   Passed    0.22 sec
        Start  13: test_base64_encode
 13/218 Test  #13: test_base64_encode ....................................   Passed    0.22 sec
        Start  14: test_urowid
 14/218 Test  #14: test_urowid ...........................................   Passed    0.22 sec
        Start  15: test_parser_perf
 15/218 Test  #15: test_parser_perf ......................................   Passed    0.22 sec
        Start  16: test_parser
 16/218 Test  #16: test_parser ...........................................   Passed    2.60 sec
        Start  17: test_multi_parser
 17/218 Test  #17: test_multi_parser .....................................   Passed    0.16 sec
        Start  18: test_raw_expr_print_visitor
 18/218 Test  #18: test_raw_expr_print_visitor ...........................   Passed    0.13 sec
        Start  19: test_raw_expr_to_str
 19/218 Test  #19: test_raw_expr_to_str ..................................   Passed    0.13 sec
        Start  20: test_raw_expr_hash
 20/218 Test  #20: test_raw_expr_hash ....................................   Passed    0.14 sec
        Start  21: test_raw_expr_resolver
 21/218 Test  #21: test_raw_expr_resolver ................................   Passed    0.25 sec
        Start  22: test_raw_expr_canonicalizer
 22/218 Test  #22: test_raw_expr_canonicalizer ...........................   Passed    0.18 sec
        Start  23: test_sql_bitset
 23/218 Test  #23: test_sql_bitset .......................................   Passed    0.16 sec
        Start  24: test_expr_generator
 24/218 Test  #24: test_expr_generator ...................................   Passed    0.18 sec
        Start  25: test_code_generator
 25/218 Test  #25: test_code_generator ...................................   Passed    4.80 sec
        Start  26: test_static_engine_cg
 26/218 Test  #26: test_static_engine_cg .................................   Passed    3.01 sec
        Start  27: test_id_manager_allocator
 27/218 Test  #27: test_id_manager_allocator .............................   Passed    0.19 sec
        Start  28: test_sql_parameterization
 28/218 Test  #28: test_sql_parameterization .............................   Passed    0.14 sec
        Start  29: test_pcv_set
 29/218 Test  #29: test_pcv_set ..........................................   Passed    1.14 sec
        Start  30: test_plan_cache_manager
 30/218 Test  #30: test_plan_cache_manager ...............................   Passed    1.00 sec
        Start  31: test_plan_cache_value
 31/218 Test  #31: test_plan_cache_value .................................   Passed    2.95 sec
        Start  32: test_plan_set
 32/218 Test  #32: test_plan_set .........................................   Passed    3.40 sec
        Start  33: test_exec_context
 33/218 Test  #33: test_exec_context .....................................   Passed    0.18 sec
        Start  34: test_phy_operator
 34/218 Test  #34: test_phy_operator .....................................   Passed    0.26 sec
        Start  35: test_engine
 35/218 Test  #35: test_engine ...........................................   Passed    1.15 sec
        Start  36: test_physical_plan
 36/218 Test  #36: test_physical_plan ....................................   Passed    0.13 sec
        Start  37: test_empty_table_scan
 37/218 Test  #37: test_empty_table_scan .................................   Passed    0.16 sec
        Start  38: test_sql_fixed_array
 38/218 Test  #38: test_sql_fixed_array ..................................   Passed    0.13 sec
        Start  39: test_hash_distinct
^@ 39/218 Test  #39: test_hash_distinct ....................................   Passed   92.17 sec
        Start  40: test_hash_groupby
 40/218 Test  #40: test_hash_groupby .....................................   Passed   13.76 sec
        Start  41: test_merge_groupby
 41/218 Test  #41: test_merge_groupby ....................................   Passed    8.89 sec
        Start  42: test_scalar_aggregate
^@ 42/218 Test  #42: test_scalar_aggregate .................................   Passed   13.76 sec
        Start  43: test_merge_distinct
 43/218 Test  #43: test_merge_distinct ...................................   Passed    0.27 sec
        Start  44: test_table_insert
 44/218 Test  #44: test_table_insert .....................................   Passed    0.22 sec
        Start  45: test_insert_up
 45/218 Test  #45: test_insert_up ........................................   Passed    0.22 sec
        Start  46: test_subplan_filter
 46/218 Test  #46: test_subplan_filter ...................................   Passed    0.23 sec
        Start  47: test_postfix_expression
 47/218 Test  #47: test_postfix_expression ...............................   Passed    3.01 sec
        Start  48: test_merge_intersect
 48/218 Test  #48: test_merge_intersect ..................................   Passed    0.16 sec
        Start  49: test_merge_except
 49/218 Test  #49: test_merge_except .....................................   Passed    0.16 sec
        Start  50: test_merge_union
 50/218 Test  #50: test_merge_union ......................................   Passed    0.15 sec
        Start  51: test_hash_set_dump
^@^@ 51/218 Test  #51: test_hash_set_dump ....................................   Passed  144.79 sec
        Start  52: test_merge_sort_receive
 52/218 Test  #52: test_merge_sort_receive ...............................   Passed    0.41 sec
        Start  53: test_gi_pump
 53/218 Test  #53: test_gi_pump ..........................................   Passed    0.26 sec
        Start  54: test_random_affi
 54/218 Test  #54: test_random_affi ......................................   Passed    0.22 sec
        Start  55: test_ra_row_store_projector
 55/218 Test  #55: test_ra_row_store_projector ...........................   Passed    0.22 sec
        Start  56: test_chunk_row_store
^@ 56/218 Test  #56: test_chunk_row_store ..................................   Passed   57.14 sec
        Start  57: test_chunk_datum_store
^@ 57/218 Test  #57: test_chunk_datum_store ................................   Passed   49.52 sec
        Start  58: test_sort_impl
 58/218 Test  #58: test_sort_impl ........................................   Passed   15.27 sec
        Start  59: test_monitoring_dump
 59/218 Test  #59: test_monitoring_dump ..................................   Passed    0.28 sec
        Start  60: test_query_range
 60/218 Test  #60: test_query_range ......................................   Passed    0.89 sec
        Start  61: test_transformer
^@ 61/218 Test  #61: test_transformer ......................................   Passed   29.85 sec
        Start  62: test_basic_session_info
 62/218 Test  #62: test_basic_session_info ...............................   Passed    1.21 sec
        Start  63: test_session_mgr
 63/218 Test  #63: test_session_mgr ......................................   Passed    0.23 sec
        Start  64: test_monitor_info_manager
 64/218 Test  #64: test_monitor_info_manager .............................   Passed    0.29 sec
        Start  65: test_phy_operator_stats
 65/218 Test  #65: test_phy_operator_stats ...............................   Passed    0.23 sec
        Start  66: test_dtl_rpc_channel
 66/218 Test  #66: test_dtl_rpc_channel ..................................   Passed    0.23 sec
        Start  67: test_archive_task
 67/218 Test  #67: test_archive_task .....................................   Passed    0.24 sec
        Start  68: test_ob_log_cache
 68/218 Test  #68: test_ob_log_cache .....................................   Passed    1.02 sec
        Start  69: test_ob_log_file_pool
 69/218 Test  #69: test_ob_log_file_pool .................................   Passed    0.34 sec
        Start  70: test_ob_index_entry
 70/218 Test  #70: test_ob_index_entry ...................................   Passed    0.14 sec
        Start  71: test_ob_log_entry_header
 71/218 Test  #71: test_ob_log_entry_header ..............................   Passed    0.15 sec
        Start  72: test_ob_log_entry
 72/218 Test  #72: test_ob_log_entry .....................................   Passed    0.24 sec
        Start  73: test_ob_log_direct_reader
 73/218 Test  #73: test_ob_log_direct_reader .............................   Passed    0.38 sec
        Start  74: test_log_replay_engine_wrapper
 74/218 Test  #74: test_log_replay_engine_wrapper ........................   Passed    0.23 sec
        Start  75: test_log_common
 75/218 Test  #75: test_log_common .......................................   Passed    0.23 sec
        Start  76: test_ob_log_file_trailer
 76/218 Test  #76: test_ob_log_file_trailer ..............................   Passed    0.23 sec
        Start  77: test_ob_log_block_meta_v2
 77/218 Test  #77: test_ob_log_block_meta_v2 .............................   Passed    0.23 sec
        Start  78: test_ob_raw_entry_iterator
 78/218 Test  #78: test_ob_raw_entry_iterator ............................   Passed    0.23 sec
        Start  79: test_log_define
 79/218 Test  #79: test_log_define .......................................   Passed    0.23 sec
        Start  80: test_log_ext_ring_buffer
 80/218 Test  #80: test_log_ext_ring_buffer ..............................   Passed    0.24 sec
        Start  81: test_log_task
 81/218 Test  #81: test_log_task .........................................   Passed    0.28 sec
        Start  82: test_log_checksum_V2
 82/218 Test  #82: test_log_checksum_V2 ..................................   Passed    0.23 sec
        Start  83: test_get_role
 83/218 Test  #83: test_get_role .........................................   Passed    0.23 sec
        Start  84: test_member_list
 84/218 Test  #84: test_member_list ......................................   Passed    0.23 sec
        Start  85: test_info_block_handler
 85/218 Test  #85: test_info_block_handler ...............................   Passed    0.34 sec
        Start  86: test_ob_log_broadcast_info_mgr
 86/218 Test  #86: test_ob_log_broadcast_info_mgr ........................   Passed    0.24 sec
        Start  87: test_clog_writer
 87/218 Test  #87: test_clog_writer ......................................   Passed   12.23 sec
        Start  88: test_seg_array
 88/218 Test  #88: test_seg_array ........................................   Passed    0.22 sec
        Start  89: test_network_limit_manager
 89/218 Test  #89: test_network_limit_manager ............................   Passed    0.21 sec
        Start  90: test_save_storage_info
 90/218 Test  #90: test_save_storage_info ................................   Passed    0.22 sec
        Start  91: test_range_iterator
 91/218 Test  #91: test_range_iterator ...................................   Passed    6.89 sec
        Start  92: test_ob_col_map
 92/218 Test  #92: test_ob_col_map .......................................   Passed    0.14 sec
        Start  93: test_placement_hashmap
 93/218 Test  #93: test_placement_hashmap ................................   Passed    0.48 sec
        Start  94: test_parallel_external_sort
 94/218 Test  #94: test_parallel_external_sort ...........................   Passed   19.35 sec
        Start  95: test_i_store
 95/218 Test  #95: test_i_store ..........................................   Passed    0.23 sec
        Start  96: test_sstable_merge_info_mgr
 96/218 Test  #96: test_sstable_merge_info_mgr ...........................   Passed    0.23 sec
        Start  97: test_sstable_single_get
^@ 97/218 Test  #97: test_sstable_single_get ...............................   Passed   39.24 sec
        Start  98: test_sstable_single_scan
^@^@ 98/218 Test  #98: test_sstable_single_scan ..............................   Passed   93.72 sec
        Start  99: test_sstable_multi_get
 99/218 Test  #99: test_sstable_multi_get ................................   Passed   42.98 sec
        Start 100: test_sstable_multi_scan
^@^@^@^@100/218 Test #100: test_sstable_multi_scan ...............................   Passed  210.55 sec
        Start 101: test_sstable_single_exist
101/218 Test #101: test_sstable_single_exist .............................   Passed    3.22 sec
        Start 102: test_sstable_multi_exist
102/218 Test #102: test_sstable_multi_exist ..............................   Passed    2.87 sec
        Start 103: test_pg_meta_checkpoint
103/218 Test #103: test_pg_meta_checkpoint ...............................   Passed    2.74 sec
        Start 104: test_pg_macro_meta_checkpoint
104/218 Test #104: test_pg_macro_meta_checkpoint .........................   Passed    4.95 sec
        Start 105: test_interm_macro_mgr
105/218 Test #105: test_interm_macro_mgr .................................   Passed    4.08 sec
        Start 106: test_multi_version_sparse_sstable_single_get
106/218 Test #106: test_multi_version_sparse_sstable_single_get ..........   Passed   15.91 sec
        Start 107: test_multi_version_sparse_sstable_single_scan
^@107/218 Test #107: test_multi_version_sparse_sstable_single_scan .........   Passed   32.43 sec
        Start 108: test_multi_version_sstable_single_get
108/218 Test #108: test_multi_version_sstable_single_get .................   Passed   13.22 sec
        Start 109: test_multi_version_sstable_single_scan
^@109/218 Test #109: test_multi_version_sstable_single_scan ................   Passed   41.40 sec
        Start 110: test_row_sample_iterator
110/218 Test #110: test_row_sample_iterator ..............................   Passed    0.22 sec
        Start 111: test_all_micro_block_range_iterator
111/218 Test #111: test_all_micro_block_range_iterator ...................   Passed   10.22 sec
        Start 112: test_multi_version_sparse_sstable_multi_get
112/218 Test #112: test_multi_version_sparse_sstable_multi_get ...........   Passed   10.44 sec
        Start 113: test_multi_version_sparse_sstable_multi_scan
113/218 Test #113: test_multi_version_sparse_sstable_multi_scan ..........   Passed   10.44 sec
        Start 114: test_multi_version_sstable_multi_get
^@114/218 Test #114: test_multi_version_sstable_multi_get ..................   Passed   12.09 sec
        Start 115: test_multi_version_sstable_multi_scan
115/218 Test #115: test_multi_version_sstable_multi_scan .................   Passed   12.30 sec
        Start 116: test_micro_block_row_scanner
116/218 Test #116: test_micro_block_row_scanner ..........................   Passed    5.11 sec
        Start 117: test_micro_block_row_scanner_with_uncom_row
117/218 Test #117: test_micro_block_row_scanner_with_uncom_row ...........   Passed   26.87 sec
        Start 118: test_micro_block_row_scanner_with_special_uncom_row
^@118/218 Test #118: test_micro_block_row_scanner_with_special_uncom_row ...   Passed   36.22 sec
        Start 119: test_migrate_logical_row_writer
119/218 Test #119: test_migrate_logical_row_writer .......................   Passed    1.67 sec
        Start 120: test_migrate_rpc
120/218 Test #120: test_migrate_rpc ......................................   Passed    0.57 sec
        Start 121: test_table_store_stat_mgr
121/218 Test #121: test_table_store_stat_mgr .............................   Passed    8.33 sec
        Start 122: test_dag_size
122/218 Test #122: test_dag_size .........................................   Passed    0.32 sec
        Start 123: test_handle_cache
123/218 Test #123: test_handle_cache .....................................   Passed    0.22 sec
        Start 124: test_hash_performance
124/218 Test #124: test_hash_performance .................................   Passed    6.53 sec
        Start 125: test_partition_migrator_table_key_mgr
125/218 Test #125: test_partition_migrator_table_key_mgr .................   Passed    0.15 sec
        Start 126: test_row_fuse
126/218 Test #126: test_row_fuse .........................................   Passed    0.18 sec
        Start 127: test_partition_merge_multi_version
^@127/218 Test #127: test_partition_merge_multi_version ....................   Passed   60.20 sec
        Start 128: test_new_minor_fuser
^@128/218 Test #128: test_new_minor_fuser ..................................   Passed   47.52 sec
        Start 129: test_query_engine
129/218 Test #129: test_query_engine .....................................   Passed    7.02 sec
        Start 130: test_mvcc_callback
130/218 Test #130: test_mvcc_callback ....................................   Passed    0.23 sec
        Start 131: test_ob_freeze_info_snapshot_mgr
^@^@131/218 Test #131: test_ob_freeze_info_snapshot_mgr ......................   Passed   79.57 sec
        Start 132: test_multi_version_table_store
132/218 Test #132: test_multi_version_table_store ........................   Passed    0.15 sec
        Start 133: test_multiple_merge
133/218 Test #133: test_multiple_merge ...................................   Passed    0.17 sec
        Start 134: test_storage_struct
134/218 Test #134: test_storage_struct ...................................   Passed    0.24 sec
        Start 135: test_tenant_file_mgr
135/218 Test #135: test_tenant_file_mgr ..................................   Passed    2.96 sec
        Start 136: test_fixed_size_block_allocator
136/218 Test #136: test_fixed_size_block_allocator .......................   Passed    0.46 sec
        Start 137: test_partition_range_spliter
137/218 Test #137: test_partition_range_spliter ..........................   Passed    9.54 sec
        Start 138: test_reserved_data_mgr
138/218 Test #138: test_reserved_data_mgr ................................   Passed    7.69 sec
        Start 139: test_dag_warning_history
139/218 Test #139: test_dag_warning_history ..............................   Passed    0.46 sec
        Start 140: test_ob_mask_set
140/218 Test #140: test_ob_mask_set ......................................   Passed    0.25 sec
        Start 141: test_ob_clog_adapter
141/218 Test #141: test_ob_clog_adapter ..................................   Passed    1.57 sec
        Start 142: test_ob_location_adapter
142/218 Test #142: test_ob_location_adapter ..............................   Passed    0.23 sec
        Start 143: test_ob_trans_log
143/218 Test #143: test_ob_trans_log .....................................   Passed    0.23 sec
        Start 144: test_ob_trans_define
144/218 Test #144: test_ob_trans_define ..................................   Passed    0.23 sec
        Start 145: test_ob_trans_submit_log_cb
145/218 Test #145: test_ob_trans_submit_log_cb ...........................   Passed    1.25 sec
        Start 146: test_ob_trans_result
146/218 Test #146: test_ob_trans_result ..................................   Passed    7.15 sec
        Start 147: test_ob_trans_audit_record_mgr
147/218 Test #147: test_ob_trans_audit_record_mgr ........................   Passed    0.89 sec
        Start 148: test_ob_trans_rpc
148/218 Test #148: test_ob_trans_rpc .....................................   Passed    0.59 sec
        Start 149: test_ob_trans_mem_stat
149/218 Test #149: test_ob_trans_mem_stat ................................   Passed    0.13 sec
        Start 150: test_ob_trans_stat
150/218 Test #150: test_ob_trans_stat ....................................   Passed    0.23 sec
        Start 151: test_ob_trans_partition_stat
151/218 Test #151: test_ob_trans_partition_stat ..........................   Passed    0.22 sec
        Start 152: test_ob_trans_factory
152/218 Test #152: test_ob_trans_factory .................................   Passed    0.23 sec
        Start 153: test_ob_trans_end_trans_callback
153/218 Test #153: test_ob_trans_end_trans_callback ......................   Passed    0.22 sec
        Start 154: test_ob_lts_source
154/218 Test #154: test_ob_lts_source ....................................   Passed    0.22 sec
        Start 155: test_ob_gc_partition_adapter
155/218 Test #155: test_ob_gc_partition_adapter ..........................   Passed    1.33 sec
        Start 156: test_ob_gts_mgr
156/218 Test #156: test_ob_gts_mgr .......................................   Passed    0.23 sec
        Start 157: test_ob_trans_msg
157/218 Test #157: test_ob_trans_msg .....................................   Passed    0.23 sec
        Start 158: test_ob_trans_result_info_mgr
158/218 Test #158: test_ob_trans_result_info_mgr .........................   Passed   18.58 sec
        Start 159: test_column_map
^@159/218 Test #159: test_column_map .......................................   Passed    5.94 sec
        Start 160: test_row_cache
160/218 Test #160: test_row_cache ........................................   Passed    0.21 sec
        Start 161: test_bloom_filter_cache
161/218 Test #161: test_bloom_filter_cache ...............................   Passed    0.52 sec
        Start 162: test_block_sstable_struct
162/218 Test #162: test_block_sstable_struct .............................   Passed    0.28 sec
        Start 163: test_data_buffer
163/218 Test #163: test_data_buffer ......................................   Passed    0.23 sec
        Start 164: test_storage_cache_suite
164/218 Test #164: test_storage_cache_suite ..............................   Passed    0.54 sec
        Start 165: test_tmp_file
^@^@^@^@165/218 Test #165: test_tmp_file .........................................   Passed  259.39 sec
        Start 166: test_inspect_bad_block
166/218 Test #166: test_inspect_bad_block ................................   Passed    0.22 sec
        Start 167: test_mark_deletion
167/218 Test #167: test_mark_deletion ....................................   Passed    1.71 sec
        Start 168: test_row_reader
168/218 Test #168: test_row_reader .......................................   Passed    0.46 sec
        Start 169: test_row_writer
169/218 Test #169: test_row_writer .......................................   Passed    0.25 sec
        Start 170: test_micro_block_reader
170/218 Test #170: test_micro_block_reader ...............................   Passed    0.34 sec
        Start 171: test_micro_block_writer
171/218 Test #171: test_micro_block_writer ...............................   Passed    0.55 sec
        Start 172: test_micro_block_scanner
172/218 Test #172: test_micro_block_scanner ..............................   Passed    0.26 sec
        Start 173: test_super_block_buffer_holder
173/218 Test #173: test_super_block_buffer_holder ........................   Passed    0.22 sec
        Start 174: test_raid_file_system
174/218 Test #174: test_raid_file_system .................................   Passed    6.27 sec
        Start 175: test_bloom_filter_data
175/218 Test #175: test_bloom_filter_data ................................   Passed    4.11 sec
        Start 176: test_micro_block_index_cache
176/218 Test #176: test_micro_block_index_cache ..........................   Passed    6.27 sec
        Start 177: test_ref_cnt
177/218 Test #177: test_ref_cnt ..........................................   Passed    5.44 sec
        Start 178: test_macro_block_id
178/218 Test #178: test_macro_block_id ...................................   Passed    0.23 sec
        Start 179: test_storage_log_reader_writer
179/218 Test #179: test_storage_log_reader_writer ........................   Passed    6.18 sec
        Start 180: test_election_rpc
180/218 Test #180: test_election_rpc .....................................   Passed    0.23 sec
        Start 181: test_election_timer
181/218 Test #181: test_election_timer ...................................   Passed    0.28 sec
        Start 182: test_election_priority
182/218 Test #182: test_election_priority ................................   Passed    0.23 sec
        Start 183: test_election_async_log
^@183/218 Test #183: test_election_async_log ...............................   Passed    0.76 sec
        Start 184: test_election_msg_pool
184/218 Test #184: test_election_msg_pool ................................   Passed    0.90 sec
        Start 185: test_election_mgr
^@185/218 Test #185: test_election_mgr .....................................   Passed   60.20 sec
        Start 186: test_election_msg
186/218 Test #186: test_election_msg .....................................   Passed    8.23 sec
        Start 187: test_election_base
187/218 Test #187: test_election_base ....................................***Failed    0.22 sec
[==========] Running 4 tests from 1 test case.
[----------] Global test environment set-up.
[----------] 4 tests from TestObElectionBase
[ RUN      ] TestObElectionBase.get_self_addr
/home/happyhust/repo/oceanbase/unittest/election/test_election_base.cpp:49: Failure
      Expected: OB_SUCCESS
      Which is: 0
To be equal to: get_self_addr(addr, dev, port)
      Which is: -4002
/home/happyhust/repo/oceanbase/unittest/election/test_election_base.cpp:52: Failure
      Expected: port
      Which is: 1000
To be equal to: addr.get_port()
      Which is: 0
[  FAILED  ] TestObElectionBase.get_self_addr (0 ms)
[ RUN      ] TestObElectionBase.election_member_name
[       OK ] TestObElectionBase.election_member_name (0 ms)
[ RUN      ] TestObElectionBase.election_role_name
[       OK ] TestObElectionBase.election_role_name (0 ms)
[ RUN      ] TestObElectionBase.election_stage_name
[       OK ] TestObElectionBase.election_stage_name (0 ms)
[----------] 4 tests from TestObElectionBase (0 ms total)

[----------] Global test environment tear-down
[==========] 4 tests from 1 test case ran. (1 ms total)
[  PASSED  ] 3 tests.
[  FAILED  ] 1 test, listed below:
[  FAILED  ] TestObElectionBase.get_self_addr

 1 FAILED TEST

        Start 188: test_election_mem_stat
188/218 Test #188: test_election_mem_stat ................................   Passed    0.22 sec
        Start 189: test_election_group_cache
189/218 Test #189: test_election_group_cache .............................   Passed    0.28 sec
        Start 190: test_multi_tenant
190/218 Test #190: test_multi_tenant .....................................   Passed    3.55 sec
        Start 191: test_manage_tenant
191/218 Test #191: test_manage_tenant ....................................   Passed    0.77 sec
        Start 192: test_omt_worker
192/218 Test #192: test_omt_worker .......................................   Passed    0.44 sec
        Start 193: test_worker_pool
193/218 Test #193: test_worker_pool ......................................   Passed    0.16 sec
        Start 194: test_token_calcer
194/218 Test #194: test_token_calcer .....................................   Passed    2.26 sec
        Start 195: test_information_schema
195/218 Test #195: test_information_schema ...............................   Passed    0.55 sec
        Start 196: test_tableapi
196/218 Test #196: test_tableapi .........................................   Passed    0.15 sec
        Start 197: test_worker
197/218 Test #197: test_worker ...........................................   Passed    0.13 sec
        Start 198: test_scanner
198/218 Test #198: test_scanner ..........................................   Passed    0.13 sec
        Start 199: test_log_file_store
199/218 Test #199: test_log_file_store ...................................   Passed    1.32 sec
        Start 200: test_obj_cast
200/218 Test #200: test_obj_cast .........................................   Passed    0.49 sec
        Start 201: test_log_disk_manager
^@201/218 Test #201: test_log_disk_manager .................................   Passed   49.40 sec
        Start 202: test_datum_cmp
202/218 Test #202: test_datum_cmp ........................................   Passed    0.23 sec
        Start 203: test_ob_log_archive_config
203/218 Test #203: test_ob_log_archive_config ............................   Passed    0.22 sec
        Start 204: test_ob_tg_mgr
204/218 Test #204: test_ob_tg_mgr ........................................   Passed    0.33 sec
        Start 205: test_storage_file
205/218 Test #205: test_storage_file .....................................   Passed   20.35 sec
        Start 206: test_cluster_id_hash_conflict
206/218 Test #206: test_cluster_id_hash_conflict .........................   Passed    0.22 sec
        Start 207: test_cache_utils
207/218 Test #207: test_cache_utils ......................................   Passed    0.22 sec
        Start 208: test_client_feedback
208/218 Test #208: test_client_feedback ..................................   Passed    0.22 sec
        Start 209: test_inmemory_partition_table
209/218 Test #209: test_inmemory_partition_table .........................   Passed    0.18 sec
        Start 210: test_rpc_partition_table
210/218 Test #210: test_rpc_partition_table ..............................   Passed    0.15 sec
        Start 211: test_replica_filter
211/218 Test #211: test_replica_filter ...................................   Passed    0.13 sec
        Start 212: test_partition_location
212/218 Test #212: test_partition_location ...............................   Passed    0.13 sec
        Start 213: test_backup_path
213/218 Test #213: test_backup_path ......................................   Passed    0.23 sec
        Start 214: test_backup_struct
214/218 Test #214: test_backup_struct ....................................   Passed    0.22 sec
        Start 215: test_tenant_name_mgr
215/218 Test #215: test_tenant_name_mgr ..................................   Passed    0.22 sec
        Start 216: test_log_archive_backup_info_mgr
216/218 Test #216: test_log_archive_backup_info_mgr ......................   Passed    0.22 sec
        Start 217: test_table_dml_param
217/218 Test #217: test_table_dml_param ..................................   Passed    0.22 sec
        Start 218: test_ob_error
218/218 Test #218: test_ob_error .........................................   Passed    0.01 sec

99% tests passed, 1 tests failed out of 218

Total Test time (real) = 1897.00 sec

The following tests FAILED:
	187 - test_election_base (Failed)
```